{
  "meta": {
    "version": "6.2",
    "timestamp": "2022-02-02T20:54:33.025215",
    "branch_coverage": false,
    "show_contexts": false
  },
  "files": {
    "jeorg-python-algorithms/jeorg-python-alg1-hanoi-towers/hannoi.py": {
      "executed_lines": [
        1,
        2,
        3,
        5,
        6,
        7,
        8,
        9,
        10,
        11
      ],
      "summary": {
        "covered_lines": 10,
        "num_statements": 10,
        "percent_covered": 100.0,
        "percent_covered_display": "100",
        "missing_lines": 0,
        "excluded_lines": 0
      },
      "missing_lines": [],
      "excluded_lines": []
    },
    "jeorg-python-algorithms/jeorg-python-alg1-hanoi-towers/test_hannoi.py": {
      "executed_lines": [
        1,
        2,
        3,
        5,
        8,
        9,
        10,
        11,
        12
      ],
      "summary": {
        "covered_lines": 9,
        "num_statements": 9,
        "percent_covered": 100.0,
        "percent_covered_display": "100",
        "missing_lines": 0,
        "excluded_lines": 0
      },
      "missing_lines": [],
      "excluded_lines": []
    }
  },
  "totals": {
    "covered_lines": 19,
    "num_statements": 19,
    "percent_covered": 100.0,
    "percent_covered_display": "100",
    "missing_lines": 0,
    "excluded_lines": 0
  }
}